Vetur initialized
[INFO ] Find node_modules paths in /home/ubuntu/projects/bucketlist/bucketlist - 110ms
[INFO ] Loaded bundled typescript@4.3.2.
[INFO ] Loaded bundled prettier.
[INFO ] Loaded bundled @starptech/prettyhtml.
[INFO ] Loaded bundled prettier-eslint.
[INFO ] Loaded bundled prettier-tslint.
[INFO ] Loaded bundled stylus-supremacy.
[INFO ] Loaded bundled @prettier/plugin-pug.
[INFO ] update /home/ubuntu/projects/bucketlist/bucketlist/src/routes/index.js in ts language service.
[INFO ] update /home/ubuntu/projects/bucketlist/bucketlist/src/routes/index.js in ts language service.
[INFO ] update /home/ubuntu/projects/bucketlist/bucketlist/src/routes/index.js in ts language service.
[INFO ] update /home/ubuntu/projects/bucketlist/bucketlist/src/routes/index.js in ts language service.
[INFO ] update /home/ubuntu/projects/bucketlist/bucketlist/src/routes/index.js in ts language service.
[INFO ] update /home/ubuntu/projects/bucketlist/bucketlist/src/routes/index.js in ts language service.
[INFO ] update /home/ubuntu/projects/bucketlist/bucketlist/src/routes/index.js in ts language service.
[INFO ] update /home/ubuntu/projects/bucketlist/bucketlist/src/routes/index.js in ts language service.
[INFO ] update /home/ubuntu/projects/bucketlist/bucketlist/src/routes/index.js in ts language service.
[INFO ] update /home/ubuntu/projects/bucketlist/bucketlist/src/routes/index.js in ts language service.
[INFO ] update /home/ubuntu/projects/bucketlist/bucketlist/src/routes/index.js in ts language service.
[INFO ] update /home/ubuntu/projects/bucketlist/bucketlist/src/routes/index.js in ts language service.
[INFO ] update /home/ubuntu/projects/bucketlist/bucketlist/src/routes/index.js in ts language service.
[INFO ] update /home/ubuntu/projects/bucketlist/bucketlist/src/routes/index.js in ts language service.
[INFO ] update /home/ubuntu/projects/bucketlist/bucketlist/src/routes/index.js in ts language service.
[INFO ] update /home/ubuntu/projects/bucketlist/bucketlist/src/routes/index.js in ts language service.
[INFO ] update /home/ubuntu/projects/bucketlist/bucketlist/src/routes/index.js in ts language service.
[INFO ] update /home/ubuntu/projects/bucketlist/bucketlist/src/routes/index.js in ts language service.
[INFO ] update /home/ubuntu/projects/bucketlist/bucketlist/src/routes/index.js in ts language service.
[INFO ] update /home/ubuntu/projects/bucketlist/bucketlist/src/routes/index.js in ts language service.
[INFO ] update /home/ubuntu/projects/bucketlist/bucketlist/src/routes/index.js in ts language service.
[INFO ] update /home/ubuntu/projects/bucketlist/bucketlist/src/routes/index.js in ts language service.
[INFO ] update /home/ubuntu/projects/bucketlist/bucketlist/src/routes/index.js in ts language service.
[INFO ] update /home/ubuntu/projects/bucketlist/bucketlist/src/routes/index.js in ts language service.
[INFO ] update /home/ubuntu/projects/bucketlist/bucketlist/src/api/index.js in ts language service.
[INFO ] update /home/ubuntu/projects/bucketlist/bucketlist/src/api/index.js in ts language service.
[INFO ] update /home/ubuntu/projects/bucketlist/bucketlist/src/api/index.js in ts language service.
[INFO ] update /home/ubuntu/projects/bucketlist/bucketlist/src/routes/index.js in ts language service.
[INFO ] update /home/ubuntu/projects/bucketlist/bucketlist/src/routes/index.js in ts language service.
[INFO ] update /home/ubuntu/projects/bucketlist/bucketlist/src/routes/index.js in ts language service.
[INFO ] update /home/ubuntu/projects/bucketlist/bucketlist/src/routes/index.js in ts language service.
[INFO ] update /home/ubuntu/projects/bucketlist/bucketlist/src/routes/index.js in ts language service.
[INFO ] update /home/ubuntu/projects/bucketlist/bucketlist/src/routes/index.js in ts language service.
[INFO ] update /home/ubuntu/projects/bucketlist/bucketlist/src/routes/index.js in ts language service.
[INFO ] update /home/ubuntu/projects/bucketlist/bucketlist/src/routes/index.js in ts language service.
[INFO ] update /home/ubuntu/projects/bucketlist/bucketlist/src/routes/index.js in ts language service.
[INFO ] update /home/ubuntu/projects/bucketlist/bucketlist/src/routes/index.js in ts language service.
[INFO ] update /home/ubuntu/projects/bucketlist/bucketlist/src/routes/index.js in ts language service.
[INFO ] update /home/ubuntu/projects/bucketlist/bucketlist/src/routes/index.js in ts language service.
[INFO ] update /home/ubuntu/projects/bucketlist/bucketlist/src/routes/index.js in ts language service.
[INFO ] update /home/ubuntu/projects/bucketlist/bucketlist/src/routes/index.js in ts language service.
[INFO ] update /home/ubuntu/projects/bucketlist/bucketlist/src/routes/index.js in ts language service.
[INFO ] update /home/ubuntu/projects/bucketlist/bucketlist/src/routes/index.js in ts language service.
[INFO ] update /home/ubuntu/projects/bucketlist/bucketlist/src/routes/index.js in ts language service.
[INFO ] update /home/ubuntu/projects/bucketlist/bucketlist/src/routes/index.js in ts language service.
[INFO ] update /home/ubuntu/projects/bucketlist/bucketlist/src/main.js in ts language service.
[INFO ] update /home/ubuntu/projects/bucketlist/bucketlist/src/main.js in ts language service.
[INFO ] update /home/ubuntu/projects/bucketlist/bucketlist/src/main.js in ts language service.
[INFO ] update /home/ubuntu/projects/bucketlist/bucketlist/src/routes/index.js in ts language service.
[INFO ] update /home/ubuntu/projects/bucketlist/bucketlist/src/routes/index.js in ts language service.
[INFO ] update /home/ubuntu/projects/bucketlist/bucketlist/src/routes/index.js in ts language service.
[INFO ] update /home/ubuntu/projects/bucketlist/bucketlist/src/routes/index.js in ts language service.
[INFO ] update /home/ubuntu/projects/bucketlist/bucketlist/src/routes/index.js in ts language service.
[INFO ] update /home/ubuntu/projects/bucketlist/bucketlist/src/routes/index.js in ts language service.
[INFO ] update /home/ubuntu/projects/bucketlist/bucketlist/package.json in ts language service.
[INFO ] update /home/ubuntu/projects/bucketlist/bucketlist/package.json in ts language service.
[INFO ] update /home/ubuntu/projects/bucketlist/bucketlist/package.json in ts language service.
[INFO ] update /home/ubuntu/projects/bucketlist/bucketlist/package-lock.json in ts language service.
[INFO ] update /home/ubuntu/projects/bucketlist/bucketlist/package-lock.json in ts language service.
[INFO ] update /home/ubuntu/projects/bucketlist/bucketlist/package-lock.json in ts language service.
[INFO ] update /home/ubuntu/projects/bucketlist/bucketlist/package-lock.json in ts language service.
[INFO ] update /home/ubuntu/projects/bucketlist/bucketlist/package-lock.json in ts language service.
[INFO ] update /home/ubuntu/projects/bucketlist/bucketlist/package-lock.json in ts language service.
[INFO ] update /home/ubuntu/projects/bucketlist/bucketlist/src/main.js in ts language service.
[INFO ] update /home/ubuntu/projects/bucketlist/bucketlist/src/main.js in ts language service.
[INFO ] update /home/ubuntu/projects/bucketlist/bucketlist/src/main.js in ts language service.
[INFO ] update /home/ubuntu/projects/bucketlist/bucketlist/src/main.js in ts language service.
[INFO ] update /home/ubuntu/projects/bucketlist/bucketlist/src/main.js in ts language service.
[INFO ] update /home/ubuntu/projects/bucketlist/bucketlist/src/main.js in ts language service.
[INFO ] update /home/ubuntu/projects/bucketlist/bucketlist/src/routes/index.js in ts language service.
[INFO ] update /home/ubuntu/projects/bucketlist/bucketlist/src/routes/index.js in ts language service.
[INFO ] update /home/ubuntu/projects/bucketlist/bucketlist/src/routes/index.js in ts language service.
[INFO ] update /home/ubuntu/projects/bucketlist/bucketlist/src/routes/index.js in ts language service.
[INFO ] update /home/ubuntu/projects/bucketlist/bucketlist/src/routes/index.js in ts language service.
[INFO ] update /home/ubuntu/projects/bucketlist/bucketlist/src/routes/index.js in ts language service.
[INFO ] update /home/ubuntu/projects/bucketlist/bucketlist/src/plugins/gAuth/index.js in ts language service.
[INFO ] update /home/ubuntu/projects/bucketlist/bucketlist/src/plugins/gAuth/index.js in ts language service.
[INFO ] update /home/ubuntu/projects/bucketlist/bucketlist/src/plugins/gAuth/index.js in ts language service.
[INFO ] update /home/ubuntu/projects/bucketlist/bucketlist/src/plugins/gAuth/index.js in ts language service.
[INFO ] update /home/ubuntu/projects/bucketlist/bucketlist/src/plugins/gAuth/index.js in ts language service.
[INFO ] update /home/ubuntu/projects/bucketlist/bucketlist/src/plugins/gAuth/index.js in ts language service.
[Error - 오전 12:38:55] Request completionItem/resolve failed.
  Message: Request completionItem/resolve failed with message: Cannot read property 'start' of undefined
  Code: -32603 
[Error - 오전 12:38:55] Request completionItem/resolve failed.
  Message: Request completionItem/resolve failed with message: Cannot read property 'start' of undefined
  Code: -32603 
[Error - 오전 12:39:04] Request completionItem/resolve failed.
  Message: Request completionItem/resolve failed with message: Cannot read property 'start' of undefined
  Code: -32603 
[INFO ] update /home/ubuntu/projects/bucketlist/bucketlist/src/main.js in ts language service.
[INFO ] update /home/ubuntu/projects/bucketlist/bucketlist/src/main.js in ts language service.
[INFO ] update /home/ubuntu/projects/bucketlist/bucketlist/src/main.js in ts language service.
[INFO ] update /home/ubuntu/projects/bucketlist/bucketlist/src/main.js in ts language service.
[INFO ] update /home/ubuntu/projects/bucketlist/bucketlist/src/main.js in ts language service.
[INFO ] update /home/ubuntu/projects/bucketlist/bucketlist/src/main.js in ts language service.
[INFO ] update /home/ubuntu/projects/bucketlist/bucketlist/package-lock.json in ts language service.
[INFO ] update /home/ubuntu/projects/bucketlist/bucketlist/package-lock.json in ts language service.
[INFO ] update /home/ubuntu/projects/bucketlist/bucketlist/package-lock.json in ts language service.
[INFO ] update /home/ubuntu/projects/bucketlist/bucketlist/package.json in ts language service.
[INFO ] update /home/ubuntu/projects/bucketlist/bucketlist/package.json in ts language service.
[INFO ] update /home/ubuntu/projects/bucketlist/bucketlist/package.json in ts language service.
[INFO ] update /home/ubuntu/projects/bucketlist/bucketlist/package.json in ts language service.
[INFO ] update /home/ubuntu/projects/bucketlist/bucketlist/package.json in ts language service.
[INFO ] update /home/ubuntu/projects/bucketlist/bucketlist/package.json in ts language service.
[INFO ] update /home/ubuntu/projects/bucketlist/bucketlist/src/main.js in ts language service.
[INFO ] update /home/ubuntu/projects/bucketlist/bucketlist/src/main.js in ts language service.
[INFO ] update /home/ubuntu/projects/bucketlist/bucketlist/src/main.js in ts language service.
[INFO ] update /home/ubuntu/projects/bucketlist/bucketlist/src/main.js in ts language service.
[INFO ] update /home/ubuntu/projects/bucketlist/bucketlist/src/main.js in ts language service.
[INFO ] update /home/ubuntu/projects/bucketlist/bucketlist/src/main.js in ts language service.
[INFO ] update /home/ubuntu/projects/bucketlist/bucketlist/package.json in ts language service.
[INFO ] update /home/ubuntu/projects/bucketlist/bucketlist/package.json in ts language service.
[INFO ] update /home/ubuntu/projects/bucketlist/bucketlist/package.json in ts language service.
[INFO ] update /home/ubuntu/projects/bucketlist/bucketlist/src/main.js in ts language service.
[INFO ] update /home/ubuntu/projects/bucketlist/bucketlist/src/main.js in ts language service.
[INFO ] update /home/ubuntu/projects/bucketlist/bucketlist/src/main.js in ts language service.
[INFO ] update /home/ubuntu/projects/bucketlist/bucketlist/package-lock.json in ts language service.
[INFO ] update /home/ubuntu/projects/bucketlist/bucketlist/package-lock.json in ts language service.
[INFO ] update /home/ubuntu/projects/bucketlist/bucketlist/package-lock.json in ts language service.
[INFO ] update /home/ubuntu/projects/bucketlist/bucketlist/package.json in ts language service.
[INFO ] update /home/ubuntu/projects/bucketlist/bucketlist/package.json in ts language service.
[INFO ] update /home/ubuntu/projects/bucketlist/bucketlist/package.json in ts language service.
[INFO ] update /home/ubuntu/projects/bucketlist/bucketlist/src/main.js in ts language service.
[INFO ] update /home/ubuntu/projects/bucketlist/bucketlist/src/main.js in ts language service.
[INFO ] update /home/ubuntu/projects/bucketlist/bucketlist/src/main.js in ts language service.
[INFO ] update /home/ubuntu/projects/bucketlist/bucketlist/src/main.js in ts language service.
[INFO ] update /home/ubuntu/projects/bucketlist/bucketlist/src/main.js in ts language service.
[INFO ] update /home/ubuntu/projects/bucketlist/bucketlist/src/main.js in ts language service.
[INFO ] update /home/ubuntu/projects/bucketlist/bucketlist/src/main.js in ts language service.
[INFO ] update /home/ubuntu/projects/bucketlist/bucketlist/src/main.js in ts language service.
[INFO ] update /home/ubuntu/projects/bucketlist/bucketlist/src/main.js in ts language service.
[INFO ] update /home/ubuntu/projects/bucketlist/bucketlist/src/main.js in ts language service.
[INFO ] update /home/ubuntu/projects/bucketlist/bucketlist/src/main.js in ts language service.
[INFO ] update /home/ubuntu/projects/bucketlist/bucketlist/src/main.js in ts language service.
[INFO ] update /home/ubuntu/projects/bucketlist/bucketlist/src/main.js in ts language service.
[INFO ] update /home/ubuntu/projects/bucketlist/bucketlist/src/main.js in ts language service.
[INFO ] update /home/ubuntu/projects/bucketlist/bucketlist/src/main.js in ts language service.
[INFO ] update /home/ubuntu/projects/bucketlist/bucketlist/src/store/store.js in ts language service.
[INFO ] update /home/ubuntu/projects/bucketlist/bucketlist/src/store/store.js in ts language service.
[INFO ] update /home/ubuntu/projects/bucketlist/bucketlist/src/store/store.js in ts language service.
[INFO ] update /home/ubuntu/projects/bucketlist/bucketlist/src/store/store.js in ts language service.
[INFO ] update /home/ubuntu/projects/bucketlist/bucketlist/src/store/store.js in ts language service.
[INFO ] update /home/ubuntu/projects/bucketlist/bucketlist/src/store/store.js in ts language service.
[INFO ] update /home/ubuntu/projects/bucketlist/bucketlist/src/store/store.js in ts language service.
[INFO ] update /home/ubuntu/projects/bucketlist/bucketlist/src/store/store.js in ts language service.
[INFO ] update /home/ubuntu/projects/bucketlist/bucketlist/src/store/store.js in ts language service.
[INFO ] update /home/ubuntu/projects/bucketlist/bucketlist/src/store/getters.js in ts language service.
[INFO ] update /home/ubuntu/projects/bucketlist/bucketlist/src/store/getters.js in ts language service.
[INFO ] update /home/ubuntu/projects/bucketlist/bucketlist/src/store/getters.js in ts language service.
[INFO ] update /home/ubuntu/projects/bucketlist/bucketlist/src/store/getters.js in ts language service.
[INFO ] update /home/ubuntu/projects/bucketlist/bucketlist/src/store/getters.js in ts language service.
[INFO ] update /home/ubuntu/projects/bucketlist/bucketlist/src/store/getters.js in ts language service.
[INFO ] update /home/ubuntu/projects/bucketlist/bucketlist/src/store/getters.js in ts language service.
[INFO ] update /home/ubuntu/projects/bucketlist/bucketlist/src/store/getters.js in ts language service.
[INFO ] update /home/ubuntu/projects/bucketlist/bucketlist/src/store/getters.js in ts language service.
[INFO ] update /home/ubuntu/projects/bucketlist/bucketlist/src/store/store.js in ts language service.
[INFO ] update /home/ubuntu/projects/bucketlist/bucketlist/src/store/store.js in ts language service.
[INFO ] update /home/ubuntu/projects/bucketlist/bucketlist/src/store/store.js in ts language service.
[INFO ] update /home/ubuntu/projects/bucketlist/bucketlist/src/store/mutations.js in ts language service.
[INFO ] update /home/ubuntu/projects/bucketlist/bucketlist/src/store/mutations.js in ts language service.
[INFO ] update /home/ubuntu/projects/bucketlist/bucketlist/src/store/mutations.js in ts language service.
[INFO ] update /home/ubuntu/projects/bucketlist/bucketlist/src/main.js in ts language service.
[INFO ] update /home/ubuntu/projects/bucketlist/bucketlist/src/main.js in ts language service.
[INFO ] update /home/ubuntu/projects/bucketlist/bucketlist/src/main.js in ts language service.
[INFO ] update /home/ubuntu/projects/bucketlist/bucketlist/src/store/actions.js in ts language service.
[INFO ] update /home/ubuntu/projects/bucketlist/bucketlist/src/store/actions.js in ts language service.
[INFO ] update /home/ubuntu/projects/bucketlist/bucketlist/src/store/actions.js in ts language service.
[INFO ] update /home/ubuntu/projects/bucketlist/bucketlist/src/store/actions.js in ts language service.
[INFO ] update /home/ubuntu/projects/bucketlist/bucketlist/src/store/actions.js in ts language service.
[INFO ] update /home/ubuntu/projects/bucketlist/bucketlist/src/store/actions.js in ts language service.
[INFO ] update /home/ubuntu/projects/bucketlist/bucketlist/src/store/mutations.js in ts language service.
[INFO ] update /home/ubuntu/projects/bucketlist/bucketlist/src/store/mutations.js in ts language service.
[INFO ] update /home/ubuntu/projects/bucketlist/bucketlist/src/store/mutations.js in ts language service.
[INFO ] update /home/ubuntu/projects/bucketlist/bucketlist/src/store/store.js in ts language service.
[INFO ] update /home/ubuntu/projects/bucketlist/bucketlist/src/store/store.js in ts language service.
[INFO ] update /home/ubuntu/projects/bucketlist/bucketlist/src/store/store.js in ts language service.
[INFO ] update /home/ubuntu/projects/bucketlist/bucketlist/src/main.js in ts language service.
[INFO ] update /home/ubuntu/projects/bucketlist/bucketlist/src/main.js in ts language service.
[INFO ] update /home/ubuntu/projects/bucketlist/bucketlist/src/main.js in ts language service.
[INFO ] update /home/ubuntu/projects/bucketlist/bucketlist/src/routes/index.js in ts language service.
[INFO ] update /home/ubuntu/projects/bucketlist/bucketlist/src/routes/index.js in ts language service.
[INFO ] update /home/ubuntu/projects/bucketlist/bucketlist/src/routes/index.js in ts language service.
[INFO ] update /home/ubuntu/projects/bucketlist/bucketlist/src/main.js in ts language service.
[INFO ] update /home/ubuntu/projects/bucketlist/bucketlist/src/main.js in ts language service.
[INFO ] update /home/ubuntu/projects/bucketlist/bucketlist/src/main.js in ts language service.
[INFO ] update /home/ubuntu/projects/bucketlist/bucketlist/src/routes/index.js in ts language service.
[INFO ] update /home/ubuntu/projects/bucketlist/bucketlist/src/routes/index.js in ts language service.
[INFO ] update /home/ubuntu/projects/bucketlist/bucketlist/src/routes/index.js in ts language service.
[INFO ] update /home/ubuntu/projects/bucketlist/bucketlist/src/api/index.js in ts language service.
[INFO ] update /home/ubuntu/projects/bucketlist/bucketlist/src/api/index.js in ts language service.
[INFO ] update /home/ubuntu/projects/bucketlist/bucketlist/src/api/index.js in ts language service.
[INFO ] update /home/ubuntu/projects/bucketlist/bucketlist/src/api/index.js in ts language service.
[INFO ] update /home/ubuntu/projects/bucketlist/bucketlist/src/api/index.js in ts language service.
[INFO ] update /home/ubuntu/projects/bucketlist/bucketlist/src/api/index.js in ts language service.
[INFO ] update /home/ubuntu/projects/bucketlist/bucketlist/src/store/store.js in ts language service.
[INFO ] update /home/ubuntu/projects/bucketlist/bucketlist/src/store/store.js in ts language service.
[INFO ] update /home/ubuntu/projects/bucketlist/bucketlist/src/store/store.js in ts language service.
[INFO ] update /home/ubuntu/projects/bucketlist/bucketlist/src/store/getters.js in ts language service.
[INFO ] update /home/ubuntu/projects/bucketlist/bucketlist/src/store/getters.js in ts language service.
[INFO ] update /home/ubuntu/projects/bucketlist/bucketlist/src/store/getters.js in ts language service.
[INFO ] update /home/ubuntu/projects/bucketlist/bucketlist/src/store/getters.js in ts language service.
[INFO ] update /home/ubuntu/projects/bucketlist/bucketlist/src/store/getters.js in ts language service.
[INFO ] update /home/ubuntu/projects/bucketlist/bucketlist/src/store/getters.js in ts language service.
[INFO ] update /home/ubuntu/projects/bucketlist/bucketlist/src/store/mutations.js in ts language service.
[INFO ] update /home/ubuntu/projects/bucketlist/bucketlist/src/store/mutations.js in ts language service.
[INFO ] update /home/ubuntu/projects/bucketlist/bucketlist/src/store/mutations.js in ts language service.
[INFO ] update /home/ubuntu/projects/bucketlist/bucketlist/src/routes/index.js in ts language service.
[INFO ] update /home/ubuntu/projects/bucketlist/bucketlist/src/routes/index.js in ts language service.
[INFO ] update /home/ubuntu/projects/bucketlist/bucketlist/src/routes/index.js in ts language service.
[INFO ] update /home/ubuntu/projects/bucketlist/bucketlist/src/routes/index.js in ts language service.
[INFO ] update /home/ubuntu/projects/bucketlist/bucketlist/src/routes/index.js in ts language service.
[INFO ] update /home/ubuntu/projects/bucketlist/bucketlist/src/routes/index.js in ts language service.
[INFO ] update /home/ubuntu/projects/bucketlist/bucketlist/src/routes/index.js in ts language service.
[INFO ] update /home/ubuntu/projects/bucketlist/bucketlist/src/routes/index.js in ts language service.
[INFO ] update /home/ubuntu/projects/bucketlist/bucketlist/src/routes/index.js in ts language service.
[INFO ] update /home/ubuntu/projects/bucketlist/bucketlist/src/api/index.js in ts language service.
[INFO ] update /home/ubuntu/projects/bucketlist/bucketlist/src/api/index.js in ts language service.
[INFO ] update /home/ubuntu/projects/bucketlist/bucketlist/src/api/index.js in ts language service.
[INFO ] update /home/ubuntu/projects/bucketlist/bucketlist/src/api/index.js in ts language service.
[INFO ] update /home/ubuntu/projects/bucketlist/bucketlist/src/api/index.js in ts language service.
[INFO ] update /home/ubuntu/projects/bucketlist/bucketlist/src/api/index.js in ts language service.
[INFO ] update /home/ubuntu/projects/bucketlist/bucketlist/src/api/index.js in ts language service.
[INFO ] update /home/ubuntu/projects/bucketlist/bucketlist/src/api/index.js in ts language service.
[INFO ] update /home/ubuntu/projects/bucketlist/bucketlist/src/api/index.js in ts language service.
[INFO ] update /home/ubuntu/projects/bucketlist/bucketlist/src/api/index.js in ts language service.
[INFO ] update /home/ubuntu/projects/bucketlist/bucketlist/src/api/index.js in ts language service.
[INFO ] update /home/ubuntu/projects/bucketlist/bucketlist/src/api/index.js in ts language service.
[INFO ] update /home/ubuntu/projects/bucketlist/bucketlist/package-lock.json in ts language service.
[INFO ] update /home/ubuntu/projects/bucketlist/bucketlist/package-lock.json in ts language service.
[INFO ] update /home/ubuntu/projects/bucketlist/bucketlist/package-lock.json in ts language service.
[INFO ] update /home/ubuntu/projects/bucketlist/bucketlist/package.json in ts language service.
[INFO ] update /home/ubuntu/projects/bucketlist/bucketlist/package.json in ts language service.
[INFO ] update /home/ubuntu/projects/bucketlist/bucketlist/package.json in ts language service.
[INFO ] update /home/ubuntu/projects/bucketlist/bucketlist/src/main.js in ts language service.
[INFO ] update /home/ubuntu/projects/bucketlist/bucketlist/src/main.js in ts language service.
[INFO ] update /home/ubuntu/projects/bucketlist/bucketlist/src/main.js in ts language service.
[INFO ] update /home/ubuntu/projects/bucketlist/bucketlist/src/main.js in ts language service.
[INFO ] update /home/ubuntu/projects/bucketlist/bucketlist/src/main.js in ts language service.
[INFO ] update /home/ubuntu/projects/bucketlist/bucketlist/src/main.js in ts language service.
